TN:
SF:/Users/apple/Projects/just-for-fun/src/components/demo/DemoController.js
FN:,(anonymous_0)
FN:,defineProperties
FN:,(anonymous_2)
FN:,_classCallCheck
FN:,(anonymous_4)
FN:,DemoController
FN:,$onInit
FN:,(anonymous_7)
FN:,add
FNF:9
FNH:7
FNDA:1,(anonymous_0)
FNDA:1,defineProperties
FNDA:1,(anonymous_2)
FNDA:1,_classCallCheck
FNDA:1,(anonymous_4)
FNDA:1,DemoController
FNDA:0,$onInit
FNDA:0,(anonymous_7)
FNDA:1,add
DA:3,1
DA:7,2
DA:9,1
DA:17,1
DA:19,1
DA:21,1
DA:24,1
DA:27,0
DA:28,0
DA:34,1
DA:38,1
DA:41,1
LF:12
LH:10
BRDA:,0,0,2
BRDA:,0,1,2
BRDA:,1,0,2
BRDA:,1,1,0
BRDA:,2,0,1
BRDA:,2,1,0
BRDA:,3,0,0
BRDA:,3,1,1
BRDA:,4,0,0
BRDA:,4,1,1
BRF:10
BRH:6
end_of_record
